<?xml version="1.0" encoding="UTF-8"?>
<!-- Generated by org.testng.reporters.JUnitReportReporter -->
<testsuite skipped="0" hostname="LH7U0CNU408BXHV" name="masteringSelenium.BasicTestWD" tests="4" failures="0" timestamp="15 Jan 2018 18:40:54 GMT" time="159.467" errors="0">
  <testcase name="googleCheeseExample1" time="43.191" classname="masteringSelenium.BasicTestWD"/>
  <testcase name="googleCheeseExample" time="41.969" classname="masteringSelenium.BasicTestWD"/>
  <testcase name="googleMilkExample1" time="36.011" classname="masteringSelenium.BasicTestWD"/>
  <testcase name="googleMilkExample" time="38.296" classname="masteringSelenium.BasicTestWD"/>
</testsuite> <!-- masteringSelenium.BasicTestWD -->
