<?xml version="1.0" encoding="UTF-8"?>
<!-- Generated by org.testng.reporters.JUnitReportReporter -->
<testsuite skipped="0" hostname="LH7U0CNU408BXHV" name="masteringSelenium.BasicTestWD" tests="4" failures="0" timestamp="17 Jan 2018 04:16:13 GMT" time="234.681" errors="0">
  <testcase name="googleCheeseExample1" time="75.738" classname="masteringSelenium.BasicTestWD"/>
  <testcase name="googleCheeseExample" time="77.391" classname="masteringSelenium.BasicTestWD"/>
  <testcase name="googleMilkExample1" time="38.977" classname="masteringSelenium.BasicTestWD"/>
  <testcase name="googleMilkExample" time="42.575" classname="masteringSelenium.BasicTestWD"/>
</testsuite> <!-- masteringSelenium.BasicTestWD -->
