<?xml version="1.0" encoding="UTF-8"?>
<!-- Generated by org.testng.reporters.JUnitReportReporter -->
<testsuite skipped="0" hostname="LH7U0CNU408BXHV" name="masteringSelenium.BasicTestWD" tests="2" failures="0" timestamp="15 Jan 2018 18:22:18 GMT" time="93.381" errors="0">
  <testcase name="googleCheeseExample" time="49.830" classname="masteringSelenium.BasicTestWD"/>
  <testcase name="googleMilkExample" time="43.551" classname="masteringSelenium.BasicTestWD"/>
</testsuite> <!-- masteringSelenium.BasicTestWD -->
