<?xml version="1.0" encoding="UTF-8"?>
<!-- Generated by org.testng.reporters.JUnitReportReporter -->
<testsuite skipped="0" hostname="LH7U0CNU408BXHV" name="masteringSelenium.BasicTest" tests="2" failures="0" timestamp="15 Jan 2018 17:32:39 GMT" time="122.841" errors="0">
  <testcase name="googleCheeseExample" time="71.257" classname="masteringSelenium.BasicTest"/>
  <testcase name="googleMilkExample" time="51.584" classname="masteringSelenium.BasicTest"/>
</testsuite> <!-- masteringSelenium.BasicTest -->
